<?xml version="1.0" encoding="UTF-8"?>
<!-- Generated by org.testng.reporters.JUnitXMLReporter -->
<testsuite ignored="0" hostname="DESKTOP-TQOT31I" failures="0" tests="10" name="Test" time="0.627" errors="0" timestamp="2024-09-14T21:24:11 IST">
  <testcase classname="FirstSegment_SR1.Registration" name="UserID_Creation" time="0.214"/>
  <testcase classname="FirstSegment_SR1.Registration" name="UserName_Field" time="0.004"/>
  <testcase classname="FirstSegment_SR1.Registration" name="User_EmailId" time="0.003"/>
  <testcase classname="FirstSegment_SR1.Registration" name="User_MobileNo" time="0.004"/>
  <testcase classname="SecondSegment_SR2.HomePage" name="Customer_review" time="0.009"/>
  <testcase classname="SecondSegment_SR2.HomePage" name="Menue_Option" time="0.004"/>
  <testcase classname="SecondSegment_SR2.HomePage" name="Product_Tab" time="0.056"/>
  <testcase classname="SecondSegment_SR2.HomePage" name="Search_Option" time="0.027"/>
  <testcase classname="ThrirdSegmentSR3.WishList" name="Multiple_Product" time="0.005"/>
  <testcase classname="ThrirdSegmentSR3.WishList" name="ProductList" time="0.018"/>
</testsuite> <!-- Test -->
