<?xml version="1.0" encoding="UTF-8"?>
<!-- Generated by org.testng.reporters.JUnitXMLReporter -->
<testsuite ignored="0" hostname="DESKTOP-TQOT31I" failures="0" tests="4" name="Test" time="0.179" errors="0" timestamp="2024-09-15T11:34:17 IST">
  <testcase classname="FirstSegment_SR1.Registration" name="UserID_Creation" time="0.059"/>
  <testcase classname="FirstSegment_SR1.Registration" name="UserName_Field" time="0.002"/>
  <testcase classname="FirstSegment_SR1.Registration" name="User_EmailId" time="0.001"/>
  <testcase classname="FirstSegment_SR1.Registration" name="User_MobileNo" time="0.001"/>
</testsuite> <!-- Test -->
