<?xml version="1.0" encoding="UTF-8"?>
<testng-results ignored="0" total="10" passed="10" failed="0" skipped="0">
  <reporter-output>
  </reporter-output>
  <suite started-at="2024-09-15T11:34:17 IST" name="Suite" finished-at="2024-09-15T11:34:17 IST" duration-ms="179">
    <groups>
    </groups>
    <test started-at="2024-09-15T11:34:17 IST" name="Test" finished-at="2024-09-15T11:34:17 IST" duration-ms="179">
      <class name="FirstSegment_SR1.Registration">
        <test-method signature="UserID_Creation()[pri:0, instance:FirstSegment_SR1.Registration@7f485fda]" started-at="2024-09-15T11:34:17 IST" name="UserID_Creation" finished-at="2024-09-15T11:34:17 IST" duration-ms="59" status="PASS">
          <reporter-output>
          </reporter-output>
        </test-method> <!-- UserID_Creation -->
        <test-method signature="UserName_Field()[pri:0, instance:FirstSegment_SR1.Registration@7f485fda]" started-at="2024-09-15T11:34:17 IST" name="UserName_Field" finished-at="2024-09-15T11:34:17 IST" duration-ms="2" status="PASS">
          <reporter-output>
          </reporter-output>
        </test-method> <!-- UserName_Field -->
        <test-method signature="User_EmailId()[pri:0, instance:FirstSegment_SR1.Registration@7f485fda]" started-at="2024-09-15T11:34:17 IST" name="User_EmailId" finished-at="2024-09-15T11:34:17 IST" duration-ms="1" status="PASS">
          <reporter-output>
          </reporter-output>
        </test-method> <!-- User_EmailId -->
        <test-method signature="User_MobileNo()[pri:0, instance:FirstSegment_SR1.Registration@7f485fda]" started-at="2024-09-15T11:34:17 IST" name="User_MobileNo" finished-at="2024-09-15T11:34:17 IST" duration-ms="1" status="PASS">
          <reporter-output>
          </reporter-output>
        </test-method> <!-- User_MobileNo -->
      </class> <!-- FirstSegment_SR1.Registration -->
    </test> <!-- Test -->
  </suite> <!-- Suite -->
  <suite started-at="2024-09-15T11:34:17 IST" name="Suite (1)" finished-at="2024-09-15T11:34:17 IST" duration-ms="8">
    <groups>
    </groups>
    <test started-at="2024-09-15T11:34:17 IST" name="Test" finished-at="2024-09-15T11:34:17 IST" duration-ms="8">
      <class name="ThrirdSegmentSR3.WishList">
        <test-method signature="Multiple_Product()[pri:0, instance:ThrirdSegmentSR3.WishList@5c80cf32]" started-at="2024-09-15T11:34:17 IST" name="Multiple_Product" finished-at="2024-09-15T11:34:17 IST" duration-ms="1" status="PASS">
          <reporter-output>
          </reporter-output>
        </test-method> <!-- Multiple_Product -->
        <test-method signature="ProductList()[pri:0, instance:ThrirdSegmentSR3.WishList@5c80cf32]" started-at="2024-09-15T11:34:17 IST" name="ProductList" finished-at="2024-09-15T11:34:17 IST" duration-ms="3" status="PASS">
          <reporter-output>
          </reporter-output>
        </test-method> <!-- ProductList -->
      </class> <!-- ThrirdSegmentSR3.WishList -->
    </test> <!-- Test -->
  </suite> <!-- Suite (1) -->
  <suite started-at="2024-09-15T11:34:17 IST" name="Suite (0)" finished-at="2024-09-15T11:34:17 IST" duration-ms="15">
    <groups>
    </groups>
    <test started-at="2024-09-15T11:34:17 IST" name="Test" finished-at="2024-09-15T11:34:17 IST" duration-ms="15">
      <class name="SecondSegment_SR2.HomePage">
        <test-method signature="Customer_review()[pri:0, instance:SecondSegment_SR2.HomePage@71075444]" started-at="2024-09-15T11:34:17 IST" name="Customer_review" finished-at="2024-09-15T11:34:17 IST" duration-ms="2" status="PASS">
          <reporter-output>
          </reporter-output>
        </test-method> <!-- Customer_review -->
        <test-method signature="Menue_Option()[pri:0, instance:SecondSegment_SR2.HomePage@71075444]" started-at="2024-09-15T11:34:17 IST" name="Menue_Option" finished-at="2024-09-15T11:34:17 IST" duration-ms="1" status="PASS">
          <reporter-output>
          </reporter-output>
        </test-method> <!-- Menue_Option -->
        <test-method signature="Product_Tab()[pri:0, instance:SecondSegment_SR2.HomePage@71075444]" started-at="2024-09-15T11:34:17 IST" name="Product_Tab" finished-at="2024-09-15T11:34:17 IST" duration-ms="1" status="PASS">
          <reporter-output>
          </reporter-output>
        </test-method> <!-- Product_Tab -->
        <test-method signature="Search_Option()[pri:0, instance:SecondSegment_SR2.HomePage@71075444]" started-at="2024-09-15T11:34:17 IST" name="Search_Option" finished-at="2024-09-15T11:34:17 IST" duration-ms="2" status="PASS">
          <reporter-output>
          </reporter-output>
        </test-method> <!-- Search_Option -->
      </class> <!-- SecondSegment_SR2.HomePage -->
    </test> <!-- Test -->
  </suite> <!-- Suite (0) -->
  <suite started-at="2024-09-15T11:34:17 IST" name="Master Suite" finished-at="2024-09-15T11:34:17 IST" duration-ms="0">
    <groups>
    </groups>
  </suite> <!-- Master Suite -->
</testng-results>
