<?xml version="1.0" encoding="UTF-8"?>
<testng-results ignored="0" total="10" passed="10" failed="0" skipped="0">
  <reporter-output>
  </reporter-output>
  <suite started-at="2024-09-14T21:24:10 IST" name="Suite" finished-at="2024-09-14T21:24:11 IST" duration-ms="627">
    <groups>
    </groups>
    <test started-at="2024-09-14T21:24:10 IST" name="Test" finished-at="2024-09-14T21:24:11 IST" duration-ms="627">
      <class name="SecondSegment_SR2.HomePage">
        <test-method signature="Customer_review()[pri:0, instance:SecondSegment_SR2.HomePage@764faa6]" started-at="2024-09-14T21:24:11 IST" name="Customer_review" finished-at="2024-09-14T21:24:11 IST" duration-ms="9" status="PASS">
          <reporter-output>
          </reporter-output>
        </test-method> <!-- Customer_review -->
        <test-method signature="Menue_Option()[pri:0, instance:SecondSegment_SR2.HomePage@764faa6]" started-at="2024-09-14T21:24:11 IST" name="Menue_Option" finished-at="2024-09-14T21:24:11 IST" duration-ms="4" status="PASS">
          <reporter-output>
          </reporter-output>
        </test-method> <!-- Menue_Option -->
        <test-method signature="Product_Tab()[pri:0, instance:SecondSegment_SR2.HomePage@764faa6]" started-at="2024-09-14T21:24:11 IST" name="Product_Tab" finished-at="2024-09-14T21:24:11 IST" duration-ms="56" status="PASS">
          <reporter-output>
          </reporter-output>
        </test-method> <!-- Product_Tab -->
        <test-method signature="Search_Option()[pri:0, instance:SecondSegment_SR2.HomePage@764faa6]" started-at="2024-09-14T21:24:11 IST" name="Search_Option" finished-at="2024-09-14T21:24:11 IST" duration-ms="27" status="PASS">
          <reporter-output>
          </reporter-output>
        </test-method> <!-- Search_Option -->
      </class> <!-- SecondSegment_SR2.HomePage -->
      <class name="ThrirdSegmentSR3.WishList">
        <test-method signature="Multiple_Product()[pri:0, instance:ThrirdSegmentSR3.WishList@4c1f22f3]" started-at="2024-09-14T21:24:11 IST" name="Multiple_Product" finished-at="2024-09-14T21:24:11 IST" duration-ms="5" status="PASS">
          <reporter-output>
          </reporter-output>
        </test-method> <!-- Multiple_Product -->
        <test-method signature="ProductList()[pri:0, instance:ThrirdSegmentSR3.WishList@4c1f22f3]" started-at="2024-09-14T21:24:11 IST" name="ProductList" finished-at="2024-09-14T21:24:11 IST" duration-ms="18" status="PASS">
          <reporter-output>
          </reporter-output>
        </test-method> <!-- ProductList -->
      </class> <!-- ThrirdSegmentSR3.WishList -->
      <class name="FirstSegment_SR1.Registration">
        <test-method signature="UserID_Creation()[pri:0, instance:FirstSegment_SR1.Registration@66c92293]" started-at="2024-09-14T21:24:11 IST" name="UserID_Creation" finished-at="2024-09-14T21:24:11 IST" duration-ms="214" status="PASS">
          <reporter-output>
          </reporter-output>
        </test-method> <!-- UserID_Creation -->
        <test-method signature="UserName_Field()[pri:0, instance:FirstSegment_SR1.Registration@66c92293]" started-at="2024-09-14T21:24:11 IST" name="UserName_Field" finished-at="2024-09-14T21:24:11 IST" duration-ms="4" status="PASS">
          <reporter-output>
          </reporter-output>
        </test-method> <!-- UserName_Field -->
        <test-method signature="User_EmailId()[pri:0, instance:FirstSegment_SR1.Registration@66c92293]" started-at="2024-09-14T21:24:11 IST" name="User_EmailId" finished-at="2024-09-14T21:24:11 IST" duration-ms="3" status="PASS">
          <reporter-output>
          </reporter-output>
        </test-method> <!-- User_EmailId -->
        <test-method signature="User_MobileNo()[pri:0, instance:FirstSegment_SR1.Registration@66c92293]" started-at="2024-09-14T21:24:11 IST" name="User_MobileNo" finished-at="2024-09-14T21:24:11 IST" duration-ms="4" status="PASS">
          <reporter-output>
          </reporter-output>
        </test-method> <!-- User_MobileNo -->
      </class> <!-- FirstSegment_SR1.Registration -->
    </test> <!-- Test -->
  </suite> <!-- Suite -->
</testng-results>
